<?xml version="1.0" encoding="UTF-8"?>
<!-- Generated by org.testng.reporters.JUnitReportReporter -->
<testsuite hostname="DESKTOP-HQVGHRO" failures="0" tests="1" name="TestNG_Practice.Test_A" time="0.003" errors="0" timestamp="2023-11-22T01:04:51 PST" skipped="0">
  <testcase classname="TestNG_Practice.Test_A" name="TestA1" time="0.003"/>
  <system-out/>
</testsuite> <!-- TestNG_Practice.Test_A -->
