<?xml version="1.0" encoding="UTF-8"?>
<!-- Generated by org.testng.reporters.JUnitReportReporter -->
<testsuite hostname="DESKTOP-HQVGHRO" failures="0" tests="2" name="TestNG_Practice.Test_D" time="0.007" errors="0" timestamp="2023-11-22T01:04:51 PST" skipped="0">
  <testcase classname="TestNG_Practice.Test_D" name="TestD1" time="0.003"/>
  <system-out/>
  <testcase classname="TestNG_Practice.Test_D" name="TestD2" time="0.004"/>
  <system-out/>
</testsuite> <!-- TestNG_Practice.Test_D -->
